[0.000000] (-) TimerEvent: {}
[0.000105] (-) JobUnselected: {'identifier': 'realsense2_camera'}
[0.000122] (-) JobUnselected: {'identifier': 'realsense2_camera_msgs'}
[0.000132] (-) JobUnselected: {'identifier': 'realsense2_description'}
[0.000140] (-) JobUnselected: {'identifier': 'rviz_plugin_zed_od'}
[0.000148] (-) JobUnselected: {'identifier': 'usb_cam'}
[0.000156] (-) JobUnselected: {'identifier': 'vision_msgs'}
[0.000163] (-) JobUnselected: {'identifier': 'yolov8_bringup'}
[0.000171] (-) JobUnselected: {'identifier': 'yolov8_msgs'}
[0.000179] (-) JobUnselected: {'identifier': 'zed_aruco_localization'}
[0.000186] (-) JobUnselected: {'identifier': 'zed_components'}
[0.000194] (-) JobUnselected: {'identifier': 'zed_depth_to_laserscan'}
[0.000232] (-) JobUnselected: {'identifier': 'zed_display_rviz2'}
[0.000240] (-) JobUnselected: {'identifier': 'zed_interfaces'}
[0.000248] (-) JobUnselected: {'identifier': 'zed_multi_camera'}
[0.000256] (-) JobUnselected: {'identifier': 'zed_rgb_convert'}
[0.000263] (-) JobUnselected: {'identifier': 'zed_robot_integration'}
[0.000271] (-) JobUnselected: {'identifier': 'zed_ros2'}
[0.000278] (-) JobUnselected: {'identifier': 'zed_topic_benchmark'}
[0.000286] (-) JobUnselected: {'identifier': 'zed_topic_benchmark_component'}
[0.000293] (-) JobUnselected: {'identifier': 'zed_topic_benchmark_interfaces'}
[0.000300] (-) JobUnselected: {'identifier': 'zed_tutorial_depth'}
[0.000313] (-) JobUnselected: {'identifier': 'zed_tutorial_pos_tracking'}
[0.000321] (-) JobUnselected: {'identifier': 'zed_tutorial_video'}
[0.000329] (-) JobUnselected: {'identifier': 'zed_wrapper'}
[0.000340] (yolov8_ros) JobQueued: {'identifier': 'yolov8_ros', 'dependencies': OrderedDict()}
[0.000351] (yolov8_ros) JobStarted: {'identifier': 'yolov8_ros'}
[0.099508] (-) TimerEvent: {}
[0.200421] (-) TimerEvent: {}
[0.300827] (-) TimerEvent: {}
[0.395110] (yolov8_ros) StderrLine: {'line': b'Traceback (most recent call last):\n  File "/usr/lib/python3/dist-packages/colcon_parallel_executor/executor/parallel.py", line 75, in execute\n    loop.run_until_complete(future)\n  File "/usr/lib/python3.8/asyncio/base_events.py", line 603, in run_until_complete\n    self.run_forever()\n  File "/usr/lib/python3.8/asyncio/base_events.py", line 570, in run_forever\n    self._run_once()\n  File "/usr/lib/python3.8/asyncio/base_events.py", line 1823, in _run_once\n    event_list = self._selector.select(timeout)\n  File "/usr/lib/python3.8/selectors.py", line 468, in select\n    fd_event_list = self._selector.poll(timeout, max_ev)\nKeyboardInterrupt\n\nDuring handling of the above exception, another exception occurred:\n\nTraceback (most recent call last):\n  File "/usr/lib/python3/dist-packages/colcon_core/executor/__init__.py", line 91, in __call__\n    rc = await self.task(*args, **kwargs)\n  File "/usr/lib/python3/dist-packages/colcon_core/task/__init__.py", line 93, in __call__\n    return await task_method(*args, **kwargs)\n  File "/usr/lib/python3/dist-packages/colcon_ros/task/ament_python/build.py", line 102, in build\n    return await extension.build(additional_hooks=additional_hooks)\n  File "/usr/lib/python3/dist-packages/colcon_core/task/python/build.py", line 90, in build\n    available_commands = await self._get_available_commands(\n  File "/usr/lib/python3/dist-packages/colcon_core/task/python/build.py", line 188, in _get_available_commands\n    output = await check_output(\n  File "/usr/lib/python3/dist-packages/colcon_core/subprocess.py", line 129, in check_output\n    assert not rc, f\'Expected {args} to pass: {stderr_data}\'\nAssertionError: Expected [\'/usr/bin/python3\', \'-W\', \'ignore:setup.py install is deprecated\', \'setup.py\', \'--help-commands\'] to pass: Traceback (most recent call last):\n  File "setup.py", line 5, in <module>\n    setup(\n  File "/home/aiv/.local/lib/python3.8/site-packages/setuptools/__init__.py", line 155, in setup\n    return distutils.core.setup(**attrs)\n  File "/home/aiv/.local/lib/python3.8/site-packages/setuptools/_distutils/core.py", line 135, in setup\n    ok = dist.parse_command_line()\n  File "/home/aiv/.local/lib/python3.8/site-packages/setuptools/_distutils/dist.py", line 481, in parse_command_line\n    if self.handle_display_options(option_order):\n  File "/home/aiv/.local/lib/python3.8/site-packages/setuptools/dist.py", line 1126, in handle_display_options\n    return _Distribution.handle_display_options(self, option_order)\n  File "/home/aiv/.local/lib/python3.8/site-packages/setuptools/_distutils/dist.py", line 684, in handle_display_options\n    self.print_commands()\n  File "/home/aiv/.local/lib/python3.8/site-packages/setuptools/dist.py", line 902, in print_commands\n    cmdclass = ep.resolve()\n  File "/home/aiv/.local/lib/python3.8/site-packages/pkg_resources/__init__.py", line 2471, in resolve\n    module = __import__(self.module_name, fromlist=[\'__name__\'], level=0)\n  File "/home/aiv/.local/lib/python3.8/site-packages/setuptools/command/build_ext.py", line 19, in <module>\n    __import__(\'Cython.Compiler.Main\')\n  File "/home/aiv/.local/lib/python3.8/site-packages/Cython/Compiler/Main.py", line 30, in <module>\n    from .Symtab import ModuleScope\n  File "/home/aiv/.local/lib/python3.8/site-packages/Cython/Compiler/Symtab.py", line 20, in <module>\n    from . import PyrexTypes\n  File "/home/aiv/.local/lib/python3.8/site-packages/Cython/Compiler/PyrexTypes.py", line 19, in <module>\n    from .Code import UtilityCode, LazyUtilityCode, TempitaUtilityCode\n  File "Cython/Compiler/Code.py", line 437, in init Cython.Compiler.Code\n  File "/usr/lib/python3.8/re.py", line 250, in compile\n    def compile(pattern, flags=0):\nKeyboardInterrupt\n\n'}
[0.395456] (yolov8_ros) JobEnded: {'identifier': 'yolov8_ros', 'rc': 'SIGINT'}
[0.401021] (-) TimerEvent: {}
[0.405608] (-) EventReactorShutdown: {}
